[2020-10-28 10:14:51] [ERROR] [org.springframework.boot.SpringApplication:837] -- Application run failed
java.lang.IllegalStateException: java.lang.IllegalStateException: Logback configuration error detected: 
ERROR in ch.qos.logback.core.joran.action.AppenderRefAction - Could not find an appender named [STDOUT]. Did you define it below instead of above in the configuration file?
ERROR in ch.qos.logback.core.joran.action.AppenderRefAction - See http://logback.qos.ch/codes.html#appender_order for more details.
	at org.springframework.boot.context.logging.LoggingApplicationListener.initializeSystem(LoggingApplicationListener.java:321)
	at org.springframework.boot.context.logging.LoggingApplicationListener.initialize(LoggingApplicationListener.java:281)
	at org.springframework.boot.context.logging.LoggingApplicationListener.onApplicationEnvironmentPreparedEvent(LoggingApplicationListener.java:239)
	at org.springframework.boot.context.logging.LoggingApplicationListener.onApplicationEvent(LoggingApplicationListener.java:216)
	at org.springframework.context.event.SimpleApplicationEventMulticaster.doInvokeListener(SimpleApplicationEventMulticaster.java:172)
	at org.springframework.context.event.SimpleApplicationEventMulticaster.invokeListener(SimpleApplicationEventMulticaster.java:165)
	at org.springframework.context.event.SimpleApplicationEventMulticaster.multicastEvent(SimpleApplicationEventMulticaster.java:139)
	at org.springframework.context.event.SimpleApplicationEventMulticaster.multicastEvent(SimpleApplicationEventMulticaster.java:127)
	at org.springframework.boot.context.event.EventPublishingRunListener.environmentPrepared(EventPublishingRunListener.java:80)
	at org.springframework.boot.SpringApplicationRunListeners.environmentPrepared(SpringApplicationRunListeners.java:53)
	at org.springframework.boot.SpringApplication.prepareEnvironment(SpringApplication.java:345)
	at org.springframework.boot.SpringApplication.run(SpringApplication.java:308)
	at org.springframework.boot.SpringApplication.run(SpringApplication.java:1237)
	at org.springframework.boot.SpringApplication.run(SpringApplication.java:1226)
	at com.learn.ejtask.EjTaskApplication.main(EjTaskApplication.java:13)
Caused by: java.lang.IllegalStateException: Logback configuration error detected: 
ERROR in ch.qos.logback.core.joran.action.AppenderRefAction - Could not find an appender named [STDOUT]. Did you define it below instead of above in the configuration file?
ERROR in ch.qos.logback.core.joran.action.AppenderRefAction - See http://logback.qos.ch/codes.html#appender_order for more details.
	at org.springframework.boot.logging.logback.LogbackLoggingSystem.loadConfiguration(LogbackLoggingSystem.java:169)
	at org.springframework.boot.logging.AbstractLoggingSystem.initializeWithSpecificConfig(AbstractLoggingSystem.java:66)
	at org.springframework.boot.logging.AbstractLoggingSystem.initialize(AbstractLoggingSystem.java:57)
	at org.springframework.boot.logging.logback.LogbackLoggingSystem.initialize(LogbackLoggingSystem.java:118)
	at org.springframework.boot.context.logging.LoggingApplicationListener.initializeSystem(LoggingApplicationListener.java:310)
	... 14 common frames omitted
[2020-10-28 10:16:54] [INFO ] [com.learn.ejtask.EjTaskApplication:55] -- Starting EjTaskApplication on LAPTOP-OVE181CS with PID 13172 (D:\project\ej-task\target\classes started by EJWU in D:\project\ej-task)
[2020-10-28 10:16:54] [INFO ] [com.learn.ejtask.EjTaskApplication:655] -- The following profiles are active: dev
[2020-10-28 10:16:55] [INFO ] [org.springframework.boot.web.embedded.tomcat.TomcatWebServer:108] -- Tomcat initialized with port(s): 8082 (http)
[2020-10-28 10:16:55] [INFO ] [org.apache.catalina.core.StandardService:173] -- Starting service [Tomcat]
[2020-10-28 10:16:55] [INFO ] [org.apache.catalina.core.StandardEngine:173] -- Starting Servlet engine: [Apache Tomcat/9.0.38]
[2020-10-28 10:16:55] [INFO ] [org.apache.catalina.core.ContainerBase.[Tomcat].[localhost].[/]:173] -- Initializing Spring embedded WebApplicationContext
[2020-10-28 10:16:55] [INFO ] [org.springframework.boot.web.servlet.context.ServletWebServerApplicationContext:285] -- Root WebApplicationContext: initialization completed in 655 ms
[2020-10-28 10:16:55] [INFO ] [org.springframework.scheduling.concurrent.ThreadPoolTaskExecutor:181] -- Initializing ExecutorService 'applicationTaskExecutor'
[2020-10-28 10:16:55] [INFO ] [org.quartz.impl.StdSchedulerFactory:1220] -- Using default implementation for ThreadExecutor
[2020-10-28 10:16:55] [INFO ] [org.quartz.core.SchedulerSignalerImpl:61] -- Initialized Scheduler Signaller of type: class org.quartz.core.SchedulerSignalerImpl
[2020-10-28 10:16:55] [INFO ] [org.quartz.core.QuartzScheduler:229] -- Quartz Scheduler v.2.3.2 created.
[2020-10-28 10:16:55] [INFO ] [org.quartz.simpl.RAMJobStore:155] -- RAMJobStore initialized.
[2020-10-28 10:16:55] [INFO ] [org.quartz.core.QuartzScheduler:294] -- Scheduler meta-data: Quartz Scheduler (v2.3.2) 'quartzScheduler' with instanceId 'NON_CLUSTERED'
  Scheduler class: 'org.quartz.core.QuartzScheduler' - running locally.
  NOT STARTED.
  Currently in standby mode.
  Number of jobs executed: 0
  Using thread pool 'org.quartz.simpl.SimpleThreadPool' - with 10 threads.
  Using job-store 'org.quartz.simpl.RAMJobStore' - which does not support persistence. and is not clustered.

[2020-10-28 10:16:55] [INFO ] [org.quartz.impl.StdSchedulerFactory:1374] -- Quartz scheduler 'quartzScheduler' initialized from an externally provided properties instance.
[2020-10-28 10:16:55] [INFO ] [org.quartz.impl.StdSchedulerFactory:1378] -- Quartz scheduler version: 2.3.2
[2020-10-28 10:16:55] [INFO ] [org.quartz.core.QuartzScheduler:2293] -- JobFactory set to: org.springframework.scheduling.quartz.SpringBeanJobFactory@31133b6e
[2020-10-28 10:16:55] [INFO ] [org.springframework.boot.web.embedded.tomcat.TomcatWebServer:220] -- Tomcat started on port(s): 8082 (http) with context path ''
[2020-10-28 10:16:55] [INFO ] [org.springframework.scheduling.quartz.SchedulerFactoryBean:727] -- Starting Quartz Scheduler now
[2020-10-28 10:16:55] [INFO ] [org.quartz.core.QuartzScheduler:547] -- Scheduler quartzScheduler_$_NON_CLUSTERED started.
[2020-10-28 10:16:55] [INFO ] [com.learn.ejtask.EjTaskApplication:61] -- Started EjTaskApplication in 1.362 seconds (JVM running for 2.034)
[2020-10-28 10:17:16] [INFO ] [org.apache.catalina.core.ContainerBase.[Tomcat].[localhost].[/]:173] -- Initializing Spring DispatcherServlet 'dispatcherServlet'
[2020-10-28 10:17:16] [INFO ] [org.springframework.web.servlet.DispatcherServlet:525] -- Initializing Servlet 'dispatcherServlet'
[2020-10-28 10:17:16] [INFO ] [org.springframework.web.servlet.DispatcherServlet:547] -- Completed initialization in 4 ms
[2020-10-28 10:17:16] [INFO ] [com.zaxxer.hikari.HikariDataSource:110] -- HikariPool-1 - Starting...
[2020-10-28 10:17:16] [INFO ] [com.zaxxer.hikari.HikariDataSource:123] -- HikariPool-1 - Start completed.
[2020-10-28 10:17:45] [INFO ] [com.learn.ejtask.EjTaskApplication:55] -- Starting EjTaskApplication on LAPTOP-OVE181CS with PID 16996 (D:\project\ej-task\target\classes started by EJWU in D:\project\ej-task)
[2020-10-28 10:17:45] [INFO ] [com.learn.ejtask.EjTaskApplication:655] -- The following profiles are active: dev
[2020-10-28 10:17:46] [INFO ] [org.springframework.boot.web.embedded.tomcat.TomcatWebServer:108] -- Tomcat initialized with port(s): 8082 (http)
[2020-10-28 10:17:46] [INFO ] [org.apache.catalina.core.StandardService:173] -- Starting service [Tomcat]
[2020-10-28 10:17:46] [INFO ] [org.apache.catalina.core.StandardEngine:173] -- Starting Servlet engine: [Apache Tomcat/9.0.38]
[2020-10-28 10:17:46] [INFO ] [org.apache.catalina.core.ContainerBase.[Tomcat].[localhost].[/]:173] -- Initializing Spring embedded WebApplicationContext
[2020-10-28 10:17:46] [INFO ] [org.springframework.boot.web.servlet.context.ServletWebServerApplicationContext:285] -- Root WebApplicationContext: initialization completed in 681 ms
[2020-10-28 10:17:46] [INFO ] [org.springframework.scheduling.concurrent.ThreadPoolTaskExecutor:181] -- Initializing ExecutorService 'applicationTaskExecutor'
[2020-10-28 10:17:46] [INFO ] [org.quartz.impl.StdSchedulerFactory:1220] -- Using default implementation for ThreadExecutor
[2020-10-28 10:17:46] [INFO ] [org.quartz.core.SchedulerSignalerImpl:61] -- Initialized Scheduler Signaller of type: class org.quartz.core.SchedulerSignalerImpl
[2020-10-28 10:17:46] [INFO ] [org.quartz.core.QuartzScheduler:229] -- Quartz Scheduler v.2.3.2 created.
[2020-10-28 10:17:46] [INFO ] [org.quartz.simpl.RAMJobStore:155] -- RAMJobStore initialized.
[2020-10-28 10:17:46] [INFO ] [org.quartz.core.QuartzScheduler:294] -- Scheduler meta-data: Quartz Scheduler (v2.3.2) 'quartzScheduler' with instanceId 'NON_CLUSTERED'
  Scheduler class: 'org.quartz.core.QuartzScheduler' - running locally.
  NOT STARTED.
  Currently in standby mode.
  Number of jobs executed: 0
  Using thread pool 'org.quartz.simpl.SimpleThreadPool' - with 10 threads.
  Using job-store 'org.quartz.simpl.RAMJobStore' - which does not support persistence. and is not clustered.

[2020-10-28 10:17:46] [INFO ] [org.quartz.impl.StdSchedulerFactory:1374] -- Quartz scheduler 'quartzScheduler' initialized from an externally provided properties instance.
[2020-10-28 10:17:46] [INFO ] [org.quartz.impl.StdSchedulerFactory:1378] -- Quartz scheduler version: 2.3.2
[2020-10-28 10:17:46] [INFO ] [org.quartz.core.QuartzScheduler:2293] -- JobFactory set to: org.springframework.scheduling.quartz.SpringBeanJobFactory@31133b6e
[2020-10-28 10:17:46] [INFO ] [org.springframework.boot.web.embedded.tomcat.TomcatWebServer:220] -- Tomcat started on port(s): 8082 (http) with context path ''
[2020-10-28 10:17:46] [INFO ] [org.springframework.scheduling.quartz.SchedulerFactoryBean:727] -- Starting Quartz Scheduler now
[2020-10-28 10:17:46] [INFO ] [org.quartz.core.QuartzScheduler:547] -- Scheduler quartzScheduler_$_NON_CLUSTERED started.
[2020-10-28 10:17:46] [INFO ] [com.learn.ejtask.EjTaskApplication:61] -- Started EjTaskApplication in 1.401 seconds (JVM running for 2.073)
[2020-10-28 10:18:18] [INFO ] [com.learn.ejtask.EjTaskApplication:55] -- Starting EjTaskApplication on LAPTOP-OVE181CS with PID 9320 (D:\project\ej-task\target\classes started by EJWU in D:\project\ej-task)
[2020-10-28 10:18:18] [INFO ] [com.learn.ejtask.EjTaskApplication:655] -- The following profiles are active: dev
[2020-10-28 10:18:19] [INFO ] [org.springframework.boot.web.embedded.tomcat.TomcatWebServer:108] -- Tomcat initialized with port(s): 8082 (http)
[2020-10-28 10:18:19] [INFO ] [org.apache.catalina.core.StandardService:173] -- Starting service [Tomcat]
[2020-10-28 10:18:19] [INFO ] [org.apache.catalina.core.StandardEngine:173] -- Starting Servlet engine: [Apache Tomcat/9.0.38]
[2020-10-28 10:18:19] [INFO ] [org.apache.catalina.core.ContainerBase.[Tomcat].[localhost].[/]:173] -- Initializing Spring embedded WebApplicationContext
[2020-10-28 10:18:19] [INFO ] [org.springframework.boot.web.servlet.context.ServletWebServerApplicationContext:285] -- Root WebApplicationContext: initialization completed in 691 ms
[2020-10-28 10:18:19] [INFO ] [org.springframework.scheduling.concurrent.ThreadPoolTaskExecutor:181] -- Initializing ExecutorService 'applicationTaskExecutor'
[2020-10-28 10:18:19] [INFO ] [org.quartz.impl.StdSchedulerFactory:1220] -- Using default implementation for ThreadExecutor
[2020-10-28 10:18:19] [INFO ] [org.quartz.core.SchedulerSignalerImpl:61] -- Initialized Scheduler Signaller of type: class org.quartz.core.SchedulerSignalerImpl
[2020-10-28 10:18:19] [INFO ] [org.quartz.core.QuartzScheduler:229] -- Quartz Scheduler v.2.3.2 created.
[2020-10-28 10:18:19] [INFO ] [org.quartz.simpl.RAMJobStore:155] -- RAMJobStore initialized.
[2020-10-28 10:18:19] [INFO ] [org.quartz.core.QuartzScheduler:294] -- Scheduler meta-data: Quartz Scheduler (v2.3.2) 'quartzScheduler' with instanceId 'NON_CLUSTERED'
  Scheduler class: 'org.quartz.core.QuartzScheduler' - running locally.
  NOT STARTED.
  Currently in standby mode.
  Number of jobs executed: 0
  Using thread pool 'org.quartz.simpl.SimpleThreadPool' - with 10 threads.
  Using job-store 'org.quartz.simpl.RAMJobStore' - which does not support persistence. and is not clustered.

[2020-10-28 10:18:19] [INFO ] [org.quartz.impl.StdSchedulerFactory:1374] -- Quartz scheduler 'quartzScheduler' initialized from an externally provided properties instance.
[2020-10-28 10:18:19] [INFO ] [org.quartz.impl.StdSchedulerFactory:1378] -- Quartz scheduler version: 2.3.2
[2020-10-28 10:18:19] [INFO ] [org.quartz.core.QuartzScheduler:2293] -- JobFactory set to: org.springframework.scheduling.quartz.SpringBeanJobFactory@11e33bac
[2020-10-28 10:18:19] [INFO ] [org.springframework.boot.web.embedded.tomcat.TomcatWebServer:220] -- Tomcat started on port(s): 8082 (http) with context path ''
[2020-10-28 10:18:19] [INFO ] [org.springframework.scheduling.quartz.SchedulerFactoryBean:727] -- Starting Quartz Scheduler now
[2020-10-28 10:18:19] [INFO ] [org.quartz.core.QuartzScheduler:547] -- Scheduler quartzScheduler_$_NON_CLUSTERED started.
[2020-10-28 10:18:19] [INFO ] [com.learn.ejtask.EjTaskApplication:61] -- Started EjTaskApplication in 1.445 seconds (JVM running for 2.128)
[2020-10-28 10:18:21] [INFO ] [org.apache.catalina.core.ContainerBase.[Tomcat].[localhost].[/]:173] -- Initializing Spring DispatcherServlet 'dispatcherServlet'
[2020-10-28 10:18:21] [INFO ] [org.springframework.web.servlet.DispatcherServlet:525] -- Initializing Servlet 'dispatcherServlet'
[2020-10-28 10:18:21] [INFO ] [org.springframework.web.servlet.DispatcherServlet:547] -- Completed initialization in 3 ms
[2020-10-28 10:18:21] [INFO ] [com.zaxxer.hikari.HikariDataSource:110] -- HikariPool-1 - Starting...
[2020-10-28 10:18:21] [INFO ] [com.zaxxer.hikari.HikariDataSource:123] -- HikariPool-1 - Start completed.
[2020-10-28 10:18:21] [DEBUG] [com.learn.ejtask.mapper.SysQuartzJobMapper.selectByPrimaryKey:137] -- ==>  Preparing: select job_id, bean_name, cron_expression, is_pause, job_name, method_name, params, description, person_in_charge, email, sub_task, pause_after_failure, create_by, update_by, create_time, update_time from sys_quartz_job where job_id = ?
[2020-10-28 10:18:22] [DEBUG] [com.learn.ejtask.mapper.SysQuartzJobMapper.selectByPrimaryKey:137] -- ==> Parameters: 1(Long)
[2020-10-28 10:18:22] [DEBUG] [com.learn.ejtask.mapper.SysQuartzJobMapper.selectByPrimaryKey:137] -- <==      Total: 1
[2020-10-28 10:18:57] [INFO ] [com.learn.ejtask.EjTaskApplication:55] -- Starting EjTaskApplication on LAPTOP-OVE181CS with PID 18000 (D:\project\ej-task\target\classes started by EJWU in D:\project\ej-task)
[2020-10-28 10:18:57] [INFO ] [com.learn.ejtask.EjTaskApplication:655] -- The following profiles are active: dev
[2020-10-28 10:18:57] [INFO ] [org.springframework.boot.web.embedded.tomcat.TomcatWebServer:108] -- Tomcat initialized with port(s): 8082 (http)
[2020-10-28 10:18:57] [INFO ] [org.apache.catalina.core.StandardService:173] -- Starting service [Tomcat]
[2020-10-28 10:18:57] [INFO ] [org.apache.catalina.core.StandardEngine:173] -- Starting Servlet engine: [Apache Tomcat/9.0.38]
[2020-10-28 10:18:58] [INFO ] [org.apache.catalina.core.ContainerBase.[Tomcat].[localhost].[/]:173] -- Initializing Spring embedded WebApplicationContext
[2020-10-28 10:18:58] [INFO ] [org.springframework.boot.web.servlet.context.ServletWebServerApplicationContext:285] -- Root WebApplicationContext: initialization completed in 748 ms
[2020-10-28 10:18:58] [INFO ] [org.springframework.scheduling.concurrent.ThreadPoolTaskExecutor:181] -- Initializing ExecutorService 'applicationTaskExecutor'
[2020-10-28 10:18:58] [INFO ] [org.quartz.impl.StdSchedulerFactory:1220] -- Using default implementation for ThreadExecutor
[2020-10-28 10:18:58] [INFO ] [org.quartz.core.SchedulerSignalerImpl:61] -- Initialized Scheduler Signaller of type: class org.quartz.core.SchedulerSignalerImpl
[2020-10-28 10:18:58] [INFO ] [org.quartz.core.QuartzScheduler:229] -- Quartz Scheduler v.2.3.2 created.
[2020-10-28 10:18:58] [INFO ] [org.quartz.simpl.RAMJobStore:155] -- RAMJobStore initialized.
[2020-10-28 10:18:58] [INFO ] [org.quartz.core.QuartzScheduler:294] -- Scheduler meta-data: Quartz Scheduler (v2.3.2) 'quartzScheduler' with instanceId 'NON_CLUSTERED'
  Scheduler class: 'org.quartz.core.QuartzScheduler' - running locally.
  NOT STARTED.
  Currently in standby mode.
  Number of jobs executed: 0
  Using thread pool 'org.quartz.simpl.SimpleThreadPool' - with 10 threads.
  Using job-store 'org.quartz.simpl.RAMJobStore' - which does not support persistence. and is not clustered.

[2020-10-28 10:18:58] [INFO ] [org.quartz.impl.StdSchedulerFactory:1374] -- Quartz scheduler 'quartzScheduler' initialized from an externally provided properties instance.
[2020-10-28 10:18:58] [INFO ] [org.quartz.impl.StdSchedulerFactory:1378] -- Quartz scheduler version: 2.3.2
[2020-10-28 10:18:58] [INFO ] [org.quartz.core.QuartzScheduler:2293] -- JobFactory set to: org.springframework.scheduling.quartz.SpringBeanJobFactory@3ba3d4b6
[2020-10-28 10:18:58] [INFO ] [org.springframework.boot.web.embedded.tomcat.TomcatWebServer:220] -- Tomcat started on port(s): 8082 (http) with context path ''
[2020-10-28 10:18:58] [INFO ] [org.springframework.scheduling.quartz.SchedulerFactoryBean:727] -- Starting Quartz Scheduler now
[2020-10-28 10:18:58] [INFO ] [org.quartz.core.QuartzScheduler:547] -- Scheduler quartzScheduler_$_NON_CLUSTERED started.
[2020-10-28 10:18:58] [INFO ] [com.learn.ejtask.EjTaskApplication:61] -- Started EjTaskApplication in 1.655 seconds (JVM running for 2.449)
[2020-10-28 10:19:01] [INFO ] [org.apache.catalina.core.ContainerBase.[Tomcat].[localhost].[/]:173] -- Initializing Spring DispatcherServlet 'dispatcherServlet'
[2020-10-28 10:19:01] [INFO ] [org.springframework.web.servlet.DispatcherServlet:525] -- Initializing Servlet 'dispatcherServlet'
[2020-10-28 10:19:01] [INFO ] [org.springframework.web.servlet.DispatcherServlet:547] -- Completed initialization in 4 ms
[2020-10-28 10:19:01] [INFO ] [com.zaxxer.hikari.HikariDataSource:110] -- HikariPool-1 - Starting...
[2020-10-28 10:19:02] [INFO ] [com.zaxxer.hikari.HikariDataSource:123] -- HikariPool-1 - Start completed.
[2020-10-28 10:19:02] [DEBUG] [com.learn.ejtask.mapper.SysQuartzJobMapper.selectByPrimaryKey:137] -- ==>  Preparing: select job_id, bean_name, cron_expression, is_pause, job_name, method_name, params, description, person_in_charge, email, sub_task, pause_after_failure, create_by, update_by, create_time, update_time from sys_quartz_job where job_id = ?
[2020-10-28 10:19:02] [DEBUG] [com.learn.ejtask.mapper.SysQuartzJobMapper.selectByPrimaryKey:137] -- ==> Parameters: 1(Long)
[2020-10-28 10:19:02] [DEBUG] [com.learn.ejtask.mapper.SysQuartzJobMapper.selectByPrimaryKey:137] -- <==      Total: 1
[2020-10-28 10:19:05] [DEBUG] [com.learn.ejtask.mapper.SysQuartzJobMapper.insert:137] -- ==>  Preparing: insert into sys_quartz_job (job_id, bean_name, cron_expression, is_pause, job_name, method_name, params, description, person_in_charge, email, sub_task, pause_after_failure, create_by, update_by, create_time, update_time) values (?, ?, ?, ?, ?, ?, ?, ?, ?, ?, ?, ?, ?, ?, ?, ?)
[2020-10-28 10:19:05] [DEBUG] [com.learn.ejtask.mapper.SysQuartzJobMapper.insert:137] -- ==> Parameters: 1(Long), wdnmd(String), null, null, null, null, null, null, null, null, null, null, null, null, null, null
[2020-10-28 10:19:05] [ERROR] [org.apache.catalina.core.ContainerBase.[Tomcat].[localhost].[/].[dispatcherServlet]:175] -- Servlet.service() for servlet [dispatcherServlet] in context with path [] threw exception [Request processing failed; nested exception is org.springframework.dao.DuplicateKeyException: 
### Error updating database.  Cause: java.sql.SQLIntegrityConstraintViolationException: Duplicate entry '1' for key 'PRIMARY'
### The error may exist in file [D:\project\ej-task\target\classes\com\learn\ejtask\mapper\SysQuartzJobMapper.xml]
### The error may involve com.learn.ejtask.mapper.SysQuartzJobMapper.insert-Inline
### The error occurred while setting parameters
### SQL: insert into sys_quartz_job (job_id, bean_name, cron_expression,        is_pause, job_name, method_name,        params, description, person_in_charge,        email, sub_task, pause_after_failure,        create_by, update_by, create_time,        update_time)     values (?, ?, ?,        ?, ?, ?,        ?, ?, ?,        ?, ?, ?,        ?, ?, ?,        ?)
### Cause: java.sql.SQLIntegrityConstraintViolationException: Duplicate entry '1' for key 'PRIMARY'
; Duplicate entry '1' for key 'PRIMARY'; nested exception is java.sql.SQLIntegrityConstraintViolationException: Duplicate entry '1' for key 'PRIMARY'] with root cause
java.sql.SQLIntegrityConstraintViolationException: Duplicate entry '1' for key 'PRIMARY'
	at com.mysql.cj.jdbc.exceptions.SQLError.createSQLException(SQLError.java:117)
	at com.mysql.cj.jdbc.exceptions.SQLError.createSQLException(SQLError.java:97)
	at com.mysql.cj.jdbc.exceptions.SQLExceptionsMapping.translateException(SQLExceptionsMapping.java:122)
	at com.mysql.cj.jdbc.ClientPreparedStatement.executeInternal(ClientPreparedStatement.java:953)
	at com.mysql.cj.jdbc.ClientPreparedStatement.execute(ClientPreparedStatement.java:370)
	at com.zaxxer.hikari.pool.ProxyPreparedStatement.execute(ProxyPreparedStatement.java:44)
	at com.zaxxer.hikari.pool.HikariProxyPreparedStatement.execute(HikariProxyPreparedStatement.java)
	at sun.reflect.NativeMethodAccessorImpl.invoke0(Native Method)
	at sun.reflect.NativeMethodAccessorImpl.invoke(NativeMethodAccessorImpl.java:62)
	at sun.reflect.DelegatingMethodAccessorImpl.invoke(DelegatingMethodAccessorImpl.java:43)
	at java.lang.reflect.Method.invoke(Method.java:498)
	at org.apache.ibatis.logging.jdbc.PreparedStatementLogger.invoke(PreparedStatementLogger.java:59)
	at com.sun.proxy.$Proxy66.execute(Unknown Source)
	at org.apache.ibatis.executor.statement.PreparedStatementHandler.update(PreparedStatementHandler.java:47)
	at org.apache.ibatis.executor.statement.RoutingStatementHandler.update(RoutingStatementHandler.java:74)
	at org.apache.ibatis.executor.SimpleExecutor.doUpdate(SimpleExecutor.java:50)
	at org.apache.ibatis.executor.BaseExecutor.update(BaseExecutor.java:117)
	at org.apache.ibatis.executor.CachingExecutor.update(CachingExecutor.java:76)
	at org.apache.ibatis.session.defaults.DefaultSqlSession.update(DefaultSqlSession.java:197)
	at org.apache.ibatis.session.defaults.DefaultSqlSession.insert(DefaultSqlSession.java:184)
	at sun.reflect.NativeMethodAccessorImpl.invoke0(Native Method)
	at sun.reflect.NativeMethodAccessorImpl.invoke(NativeMethodAccessorImpl.java:62)
	at sun.reflect.DelegatingMethodAccessorImpl.invoke(DelegatingMethodAccessorImpl.java:43)
	at java.lang.reflect.Method.invoke(Method.java:498)
	at org.mybatis.spring.SqlSessionTemplate$SqlSessionInterceptor.invoke(SqlSessionTemplate.java:426)
	at com.sun.proxy.$Proxy53.insert(Unknown Source)
	at org.mybatis.spring.SqlSessionTemplate.insert(SqlSessionTemplate.java:271)
	at org.apache.ibatis.binding.MapperMethod.execute(MapperMethod.java:62)
	at org.apache.ibatis.binding.MapperProxy$PlainMethodInvoker.invoke(MapperProxy.java:152)
	at org.apache.ibatis.binding.MapperProxy.invoke(MapperProxy.java:85)
	at com.sun.proxy.$Proxy54.insert(Unknown Source)
	at com.learn.ejtask.service.SysQuartzJobService.insert(SysQuartzJobService.java:34)
	at com.learn.ejtask.controller.SysQuartzJobController.insert(SysQuartzJobController.java:33)
	at sun.reflect.NativeMethodAccessorImpl.invoke0(Native Method)
	at sun.reflect.NativeMethodAccessorImpl.invoke(NativeMethodAccessorImpl.java:62)
	at sun.reflect.DelegatingMethodAccessorImpl.invoke(DelegatingMethodAccessorImpl.java:43)
	at java.lang.reflect.Method.invoke(Method.java:498)
	at org.springframework.web.method.support.InvocableHandlerMethod.doInvoke(InvocableHandlerMethod.java:190)
	at org.springframework.web.method.support.InvocableHandlerMethod.invokeForRequest(InvocableHandlerMethod.java:138)
	at org.springframework.web.servlet.mvc.method.annotation.ServletInvocableHandlerMethod.invokeAndHandle(ServletInvocableHandlerMethod.java:105)
	at org.springframework.web.servlet.mvc.method.annotation.RequestMappingHandlerAdapter.invokeHandlerMethod(RequestMappingHandlerAdapter.java:878)
	at org.springframework.web.servlet.mvc.method.annotation.RequestMappingHandlerAdapter.handleInternal(RequestMappingHandlerAdapter.java:792)
	at org.springframework.web.servlet.mvc.method.AbstractHandlerMethodAdapter.handle(AbstractHandlerMethodAdapter.java:87)
	at org.springframework.web.servlet.DispatcherServlet.doDispatch(DispatcherServlet.java:1040)
	at org.springframework.web.servlet.DispatcherServlet.doService(DispatcherServlet.java:943)
	at org.springframework.web.servlet.FrameworkServlet.processRequest(FrameworkServlet.java:1006)
	at org.springframework.web.servlet.FrameworkServlet.doGet(FrameworkServlet.java:898)
	at javax.servlet.http.HttpServlet.service(HttpServlet.java:626)
	at org.springframework.web.servlet.FrameworkServlet.service(FrameworkServlet.java:883)
	at javax.servlet.http.HttpServlet.service(HttpServlet.java:733)
	at org.apache.catalina.core.ApplicationFilterChain.internalDoFilter(ApplicationFilterChain.java:231)
	at org.apache.catalina.core.ApplicationFilterChain.doFilter(ApplicationFilterChain.java:166)
	at org.apache.tomcat.websocket.server.WsFilter.doFilter(WsFilter.java:53)
	at org.apache.catalina.core.ApplicationFilterChain.internalDoFilter(ApplicationFilterChain.java:193)
	at org.apache.catalina.core.ApplicationFilterChain.doFilter(ApplicationFilterChain.java:166)
	at org.springframework.web.filter.RequestContextFilter.doFilterInternal(RequestContextFilter.java:100)
	at org.springframework.web.filter.OncePerRequestFilter.doFilter(OncePerRequestFilter.java:119)
	at org.apache.catalina.core.ApplicationFilterChain.internalDoFilter(ApplicationFilterChain.java:193)
	at org.apache.catalina.core.ApplicationFilterChain.doFilter(ApplicationFilterChain.java:166)
	at org.springframework.web.filter.FormContentFilter.doFilterInternal(FormContentFilter.java:93)
	at org.springframework.web.filter.OncePerRequestFilter.doFilter(OncePerRequestFilter.java:119)
	at org.apache.catalina.core.ApplicationFilterChain.internalDoFilter(ApplicationFilterChain.java:193)
	at org.apache.catalina.core.ApplicationFilterChain.doFilter(ApplicationFilterChain.java:166)
	at org.springframework.web.filter.CharacterEncodingFilter.doFilterInternal(CharacterEncodingFilter.java:201)
	at org.springframework.web.filter.OncePerRequestFilter.doFilter(OncePerRequestFilter.java:119)
	at org.apache.catalina.core.ApplicationFilterChain.internalDoFilter(ApplicationFilterChain.java:193)
	at org.apache.catalina.core.ApplicationFilterChain.doFilter(ApplicationFilterChain.java:166)
	at org.apache.catalina.core.StandardWrapperValve.invoke(StandardWrapperValve.java:202)
	at org.apache.catalina.core.StandardContextValve.invoke(StandardContextValve.java:97)
	at org.apache.catalina.authenticator.AuthenticatorBase.invoke(AuthenticatorBase.java:541)
	at org.apache.catalina.core.StandardHostValve.invoke(StandardHostValve.java:143)
	at org.apache.catalina.valves.ErrorReportValve.invoke(ErrorReportValve.java:92)
	at org.apache.catalina.core.StandardEngineValve.invoke(StandardEngineValve.java:78)
	at org.apache.catalina.connector.CoyoteAdapter.service(CoyoteAdapter.java:343)
	at org.apache.coyote.http11.Http11Processor.service(Http11Processor.java:374)
	at org.apache.coyote.AbstractProcessorLight.process(AbstractProcessorLight.java:65)
	at org.apache.coyote.AbstractProtocol$ConnectionHandler.process(AbstractProtocol.java:868)
	at org.apache.tomcat.util.net.NioEndpoint$SocketProcessor.doRun(NioEndpoint.java:1590)
	at org.apache.tomcat.util.net.SocketProcessorBase.run(SocketProcessorBase.java:49)
	at java.util.concurrent.ThreadPoolExecutor.runWorker(ThreadPoolExecutor.java:1149)
	at java.util.concurrent.ThreadPoolExecutor$Worker.run(ThreadPoolExecutor.java:624)
	at org.apache.tomcat.util.threads.TaskThread$WrappingRunnable.run(TaskThread.java:61)
	at java.lang.Thread.run(Thread.java:748)
[2020-10-28 10:19:31] [INFO ] [org.quartz.core.QuartzScheduler:585] -- Scheduler quartzScheduler_$_NON_CLUSTERED paused.
[2020-10-28 10:19:34] [INFO ] [com.learn.ejtask.EjTaskApplication:55] -- Starting EjTaskApplication on LAPTOP-OVE181CS with PID 15680 (D:\project\ej-task\target\classes started by EJWU in D:\project\ej-task)
[2020-10-28 10:19:34] [INFO ] [com.learn.ejtask.EjTaskApplication:655] -- The following profiles are active: dev
[2020-10-28 10:19:35] [INFO ] [org.springframework.boot.web.embedded.tomcat.TomcatWebServer:108] -- Tomcat initialized with port(s): 8082 (http)
[2020-10-28 10:19:35] [INFO ] [org.apache.catalina.core.StandardService:173] -- Starting service [Tomcat]
[2020-10-28 10:19:35] [INFO ] [org.apache.catalina.core.StandardEngine:173] -- Starting Servlet engine: [Apache Tomcat/9.0.38]
[2020-10-28 10:19:35] [INFO ] [org.apache.catalina.core.ContainerBase.[Tomcat].[localhost].[/]:173] -- Initializing Spring embedded WebApplicationContext
[2020-10-28 10:19:35] [INFO ] [org.springframework.boot.web.servlet.context.ServletWebServerApplicationContext:285] -- Root WebApplicationContext: initialization completed in 655 ms
[2020-10-28 10:19:35] [INFO ] [org.springframework.scheduling.concurrent.ThreadPoolTaskExecutor:181] -- Initializing ExecutorService 'applicationTaskExecutor'
[2020-10-28 10:19:35] [INFO ] [org.quartz.impl.StdSchedulerFactory:1220] -- Using default implementation for ThreadExecutor
[2020-10-28 10:19:35] [INFO ] [org.quartz.core.SchedulerSignalerImpl:61] -- Initialized Scheduler Signaller of type: class org.quartz.core.SchedulerSignalerImpl
[2020-10-28 10:19:35] [INFO ] [org.quartz.core.QuartzScheduler:229] -- Quartz Scheduler v.2.3.2 created.
[2020-10-28 10:19:35] [INFO ] [org.quartz.simpl.RAMJobStore:155] -- RAMJobStore initialized.
[2020-10-28 10:19:35] [INFO ] [org.quartz.core.QuartzScheduler:294] -- Scheduler meta-data: Quartz Scheduler (v2.3.2) 'quartzScheduler' with instanceId 'NON_CLUSTERED'
  Scheduler class: 'org.quartz.core.QuartzScheduler' - running locally.
  NOT STARTED.
  Currently in standby mode.
  Number of jobs executed: 0
  Using thread pool 'org.quartz.simpl.SimpleThreadPool' - with 10 threads.
  Using job-store 'org.quartz.simpl.RAMJobStore' - which does not support persistence. and is not clustered.

[2020-10-28 10:19:35] [INFO ] [org.quartz.impl.StdSchedulerFactory:1374] -- Quartz scheduler 'quartzScheduler' initialized from an externally provided properties instance.
[2020-10-28 10:19:35] [INFO ] [org.quartz.impl.StdSchedulerFactory:1378] -- Quartz scheduler version: 2.3.2
[2020-10-28 10:19:35] [INFO ] [org.quartz.core.QuartzScheduler:2293] -- JobFactory set to: org.springframework.scheduling.quartz.SpringBeanJobFactory@4ba380c7
[2020-10-28 10:19:35] [INFO ] [org.springframework.boot.web.embedded.tomcat.TomcatWebServer:220] -- Tomcat started on port(s): 8082 (http) with context path ''
[2020-10-28 10:19:35] [INFO ] [org.springframework.scheduling.quartz.SchedulerFactoryBean:727] -- Starting Quartz Scheduler now
[2020-10-28 10:19:35] [INFO ] [org.quartz.core.QuartzScheduler:547] -- Scheduler quartzScheduler_$_NON_CLUSTERED started.
[2020-10-28 10:19:35] [INFO ] [com.learn.ejtask.EjTaskApplication:61] -- Started EjTaskApplication in 1.371 seconds (JVM running for 2.021)
[2020-10-28 10:20:06] [INFO ] [com.learn.ejtask.EjTaskApplication:55] -- Starting EjTaskApplication on LAPTOP-OVE181CS with PID 16508 (D:\project\ej-task\target\classes started by EJWU in D:\project\ej-task)
[2020-10-28 10:20:06] [INFO ] [com.learn.ejtask.EjTaskApplication:655] -- The following profiles are active: dev
[2020-10-28 10:20:07] [INFO ] [org.springframework.boot.web.embedded.tomcat.TomcatWebServer:108] -- Tomcat initialized with port(s): 8082 (http)
[2020-10-28 10:20:07] [INFO ] [org.apache.catalina.core.StandardService:173] -- Starting service [Tomcat]
[2020-10-28 10:20:07] [INFO ] [org.apache.catalina.core.StandardEngine:173] -- Starting Servlet engine: [Apache Tomcat/9.0.38]
[2020-10-28 10:20:07] [INFO ] [org.apache.catalina.core.ContainerBase.[Tomcat].[localhost].[/]:173] -- Initializing Spring embedded WebApplicationContext
[2020-10-28 10:20:07] [INFO ] [org.springframework.boot.web.servlet.context.ServletWebServerApplicationContext:285] -- Root WebApplicationContext: initialization completed in 643 ms
[2020-10-28 10:20:07] [INFO ] [org.springframework.scheduling.concurrent.ThreadPoolTaskExecutor:181] -- Initializing ExecutorService 'applicationTaskExecutor'
[2020-10-28 10:20:07] [INFO ] [org.quartz.impl.StdSchedulerFactory:1220] -- Using default implementation for ThreadExecutor
[2020-10-28 10:20:07] [INFO ] [org.quartz.core.SchedulerSignalerImpl:61] -- Initialized Scheduler Signaller of type: class org.quartz.core.SchedulerSignalerImpl
[2020-10-28 10:20:07] [INFO ] [org.quartz.core.QuartzScheduler:229] -- Quartz Scheduler v.2.3.2 created.
[2020-10-28 10:20:07] [INFO ] [org.quartz.simpl.RAMJobStore:155] -- RAMJobStore initialized.
[2020-10-28 10:20:07] [INFO ] [org.quartz.core.QuartzScheduler:294] -- Scheduler meta-data: Quartz Scheduler (v2.3.2) 'quartzScheduler' with instanceId 'NON_CLUSTERED'
  Scheduler class: 'org.quartz.core.QuartzScheduler' - running locally.
  NOT STARTED.
  Currently in standby mode.
  Number of jobs executed: 0
  Using thread pool 'org.quartz.simpl.SimpleThreadPool' - with 10 threads.
  Using job-store 'org.quartz.simpl.RAMJobStore' - which does not support persistence. and is not clustered.

[2020-10-28 10:20:07] [INFO ] [org.quartz.impl.StdSchedulerFactory:1374] -- Quartz scheduler 'quartzScheduler' initialized from an externally provided properties instance.
[2020-10-28 10:20:07] [INFO ] [org.quartz.impl.StdSchedulerFactory:1378] -- Quartz scheduler version: 2.3.2
[2020-10-28 10:20:07] [INFO ] [org.quartz.core.QuartzScheduler:2293] -- JobFactory set to: org.springframework.scheduling.quartz.SpringBeanJobFactory@c6634d
[2020-10-28 10:20:07] [INFO ] [org.springframework.boot.web.embedded.tomcat.TomcatWebServer:220] -- Tomcat started on port(s): 8082 (http) with context path ''
[2020-10-28 10:20:07] [INFO ] [org.springframework.scheduling.quartz.SchedulerFactoryBean:727] -- Starting Quartz Scheduler now
[2020-10-28 10:20:07] [INFO ] [org.quartz.core.QuartzScheduler:547] -- Scheduler quartzScheduler_$_NON_CLUSTERED started.
[2020-10-28 10:20:07] [INFO ] [com.learn.ejtask.EjTaskApplication:61] -- Started EjTaskApplication in 1.361 seconds (JVM running for 2.048)
